{
  "RSpec": {
    "coverage": {
      "/Users/apprentice/Desktop/tododb/list.rb": [
        1,
        1,
        null,
        1,
        1,
        1,
        12,
        12,
        null,
        12,
        null,
        null,
        null,
        null,
        null,
        null,
        null,
        null,
        null,
        12,
        10,
        null,
        null,
        null,
        null,
        1,
        6,
        null,
        4,
        null,
        4,
        null,
        8,
        null,
        null,
        null,
        1,
        3,
        null,
        null,
        1,
        1,
        null,
        null,
        1,
        1,
        null,
        null,
        null,
        null,
        null
      ],
      "/Users/apprentice/Desktop/tododb/task.rb": [
        1,
        1,
        null,
        1,
        null,
        1,
        1,
        1,
        10,
        10,
        10,
        null,
        null,
        1,
        10,
        null,
        null,
        1,
        6,
        null,
        null,
        1,
        4,
        null,
        null,
        1,
        0,
        null,
        null,
        null,
        null
      ]
    },
    "timestamp": 1341535293
  }
}
